[2021-04-09 19:33:25] Player [TheFireBlade] died without inventory : No Deadchest generated
[2021-04-10 22:05:37] New deadchest for [Chsiung] in world at X:-155 Y:29 Z:-53
[2021-04-10 22:06:44] Deadchest of [Chsiung] was taken by [Chsiung] in world
[2021-04-13 10:31:01] New deadchest for [Chsiung] in world_nether at X:-402 Y:44 Z:-129
[2021-04-13 10:46:01] Deadchest of [Chsiung] has expired in world_nether
[2021-04-13 17:11:28] New deadchest for [ApocalypseJason] in world at X:1885 Y:50 Z:2665
[2021-04-13 17:14:26] Deadchest of [ApocalypseJason] was taken by [ApocalypseJason] in world
[2021-04-17 21:47:14] New deadchest for [sirsideways] in world at X:-165 Y:70 Z:57
[2021-04-17 21:50:52] Deadchest of [sirsideways] was taken by [sirsideways] in world
[2021-04-17 21:57:39] New deadchest for [sirsideways] in world at X:-148 Y:10 Z:92
[2021-04-17 21:58:30] Deadchest of [sirsideways] was taken by [sirsideways] in world
[2021-04-17 22:20:52] New deadchest for [sirsideways] in world at X:-27 Y:74 Z:281
[2021-04-17 22:38:03] Deadchest of [sirsideways] has expired in world
[2021-04-17 22:47:39] New deadchest for [sirsideways] in world at X:127 Y:70 Z:41
[2021-04-17 23:10:34] Deadchest of [sirsideways] has expired in world
[2021-04-18 02:07:01] New deadchest for [ChipsNCookies] in world at X:902 Y:68 Z:-656
[2021-04-18 02:07:20] Deadchest of [ChipsNCookies] was taken by [ChipsNCookies] in world
[2021-04-18 09:51:03] New deadchest for [sirsideways] in world at X:-1283 Y:65 Z:2153
[2021-04-18 09:51:29] Deadchest of [sirsideways] was taken by [sirsideways] in world
[2021-04-18 10:49:58] New deadchest for [sirsideways] in world at X:-1285 Y:32 Z:2220
[2021-04-18 11:03:53] New deadchest for [sirsideways] in world at X:-1259 Y:67 Z:2153
[2021-04-18 11:04:26] Deadchest of [sirsideways] was taken by [sirsideways] in world
[2021-04-18 11:04:58] Deadchest of [sirsideways] has expired in world
[2021-04-20 22:26:47] Player [Chsiung] died without inventory : No Deadchest generated
[2021-04-20 22:42:40] New deadchest for [ChipsNCookies] in world_nether at X:107 Y:72 Z:-102
[2021-04-20 22:43:38] Deadchest of [ChipsNCookies] was taken by [ChipsNCookies] in world_nether
[2021-04-20 22:58:42] New deadchest for [sirsideways] in world at X:-1264 Y:20 Z:2098
[2021-04-20 22:59:47] Deadchest of [sirsideways] was taken by [sirsideways] in world
[2021-04-20 23:10:13] New deadchest for [sirsideways] in world at X:-1251 Y:25 Z:2112
[2021-04-20 23:12:07] Deadchest of [sirsideways] was taken by [sirsideways] in world
[2021-04-20 23:12:52] New deadchest for [sirsideways] in world at X:-1234 Y:22 Z:2148
[2021-04-20 23:13:31] Deadchest of [sirsideways] was taken by [sirsideways] in world
[2021-04-20 23:43:45] New deadchest for [sirsideways] in world at X:-1256 Y:70 Z:2179
[2021-04-20 23:44:29] Deadchest of [sirsideways] was taken by [sirsideways] in world
[2021-04-20 23:51:39] New deadchest for [sirsideways] in world at X:-1277 Y:66 Z:2197
[2021-04-20 23:52:02] Deadchest of [sirsideways] was taken by [sirsideways] in world
[2021-04-22 21:05:28] New deadchest for [sirsideways] in world at X:-1276 Y:25 Z:2098
[2021-04-22 21:06:44] Player [sirsideways] died without inventory : No Deadchest generated
[2021-04-22 21:08:00] Deadchest of [sirsideways] was taken by [sirsideways] in world
[2021-04-22 21:48:12] New deadchest for [sirsideways] in world at X:-1262 Y:52 Z:2096
[2021-04-22 21:48:58] Deadchest of [sirsideways] was taken by [sirsideways] in world
[2021-04-22 21:52:06] New deadchest for [sirsideways] in world at X:-1269 Y:47 Z:2084
[2021-04-22 21:53:00] Deadchest of [sirsideways] was taken by [sirsideways] in world
[2021-04-22 22:14:12] New deadchest for [sirsideways] in world at X:-1257 Y:36 Z:2085
[2021-04-22 22:15:35] Deadchest of [sirsideways] was taken by [sirsideways] in world
[2021-04-22 22:16:15] New deadchest for [sirsideways] in world at X:-1277 Y:25 Z:2099
[2021-04-22 22:17:12] Player [sirsideways] died without inventory : No Deadchest generated
[2021-04-22 22:18:10] Deadchest of [sirsideways] was taken by [sirsideways] in world
[2021-04-22 23:07:47] New deadchest for [sirsideways] in world at X:-1295 Y:65 Z:2227
[2021-04-22 23:08:00] Deadchest of [sirsideways] was taken by [sirsideways] in world
[2021-04-22 23:25:50] New deadchest for [sirsideways] in world at X:-1314 Y:68 Z:2132
[2021-04-22 23:26:21] Deadchest of [sirsideways] was taken by [sirsideways] in world
[2021-04-23 00:03:51] New deadchest for [sirsideways] in world at X:-1284 Y:66 Z:2193
[2021-04-23 00:03:58] Deadchest of [sirsideways] was taken by [sirsideways] in world
[2021-04-23 00:04:27] New deadchest for [sirsideways] in world at X:-1283 Y:65 Z:2192
[2021-04-23 00:04:34] Deadchest of [sirsideways] was taken by [sirsideways] in world
[2021-04-23 00:05:00] New deadchest for [sirsideways] in world at X:-1279 Y:65 Z:2191
[2021-04-23 00:05:07] Deadchest of [sirsideways] was taken by [sirsideways] in world
[2021-04-23 23:00:25] New deadchest for [sirsideways] in world at X:-1258 Y:66 Z:2152
[2021-04-23 23:01:04] Deadchest of [sirsideways] was taken by [sirsideways] in world
[2021-04-23 23:04:41] New deadchest for [sirsideways] in world at X:-1247 Y:32 Z:2080
[2021-04-23 23:05:47] Deadchest of [sirsideways] was taken by [sirsideways] in world
[2021-04-23 23:22:14] New deadchest for [sirsideways] in world at X:-1243 Y:64 Z:2079
[2021-04-23 23:25:07] Deadchest of [sirsideways] was taken by [sirsideways] in world
[2021-04-24 00:27:32] New deadchest for [sirsideways] in world at X:-1272 Y:66 Z:2203
[2021-04-24 00:28:06] Deadchest of [sirsideways] was taken by [sirsideways] in world
[2021-04-24 00:55:14] New deadchest for [sirsideways] in world at X:-1251 Y:25 Z:2107
[2021-04-24 00:55:40] Deadchest of [sirsideways] was taken by [sirsideways] in world
[2021-04-24 01:05:44] New deadchest for [sirsideways] in world at X:-1254 Y:70 Z:2182
[2021-04-24 01:06:18] Deadchest of [sirsideways] was taken by [sirsideways] in world
[2021-04-28 21:47:33] New deadchest for [sirsideways] in world at X:-1287 Y:64 Z:2167
[2021-04-28 21:47:55] Deadchest of [sirsideways] was taken by [sirsideways] in world
[2021-04-28 21:49:23] New deadchest for [sirsideways] in world at X:-1290 Y:64 Z:2168
[2021-04-28 21:49:41] Deadchest of [sirsideways] was taken by [sirsideways] in world
[2021-04-28 21:51:09] New deadchest for [sirsideways] in world at X:-1287 Y:65 Z:2173
[2021-04-28 21:51:33] Deadchest of [sirsideways] was taken by [sirsideways] in world
[2021-04-28 21:53:57] New deadchest for [sirsideways] in world at X:-1285 Y:64 Z:2165
[2021-04-28 21:54:22] Deadchest of [sirsideways] was taken by [sirsideways] in world
[2021-04-28 21:57:40] New deadchest for [sirsideways] in world at X:-1289 Y:64 Z:2159
[2021-04-28 21:58:00] Deadchest of [sirsideways] was taken by [sirsideways] in world
[2021-04-28 22:03:03] New deadchest for [sirsideways] in world at X:-1294 Y:64 Z:2160
[2021-04-28 22:03:28] Deadchest of [sirsideways] was taken by [sirsideways] in world
[2021-04-28 22:05:48] New deadchest for [sirsideways] in world at X:-1295 Y:64 Z:2170
[2021-04-28 22:06:08] Deadchest of [sirsideways] was taken by [sirsideways] in world
[2021-04-28 22:06:42] New deadchest for [sirsideways] in world at X:-1310 Y:64 Z:2188
[2021-04-28 22:09:16] Deadchest of [sirsideways] was taken by [sirsideways] in world
[2021-04-28 22:10:20] New deadchest for [sirsideways] in world at X:-1294 Y:64 Z:2170
[2021-04-28 22:10:47] Deadchest of [sirsideways] was taken by [sirsideways] in world
[2021-04-28 22:12:14] New deadchest for [sirsideways] in world at X:-1308 Y:64 Z:2193
[2021-04-28 22:12:23] Deadchest of [sirsideways] was taken by [sirsideways] in world
[2021-04-28 22:27:57] New deadchest for [sirsideways] in world at X:-1283 Y:65 Z:2165
[2021-04-28 22:28:19] Deadchest of [sirsideways] was taken by [sirsideways] in world
[2021-05-02 12:40:47] New deadchest for [sirsideways] in world at X:-1263 Y:71 Z:2181
[2021-05-02 12:41:14] Deadchest of [sirsideways] was taken by [sirsideways] in world
[2021-05-02 12:42:09] New deadchest for [sirsideways] in world at X:-1309 Y:65 Z:2191
[2021-05-02 12:42:42] Deadchest of [sirsideways] was taken by [sirsideways] in world
[2021-05-02 12:56:36] New deadchest for [sirsideways] in world at X:-1307 Y:64 Z:2189
[2021-05-02 12:57:08] Deadchest of [sirsideways] was taken by [sirsideways] in world
[2021-05-06 21:30:48] New deadchest for [sirsideways] in world at X:360 Y:69 Z:51
[2021-05-06 21:36:16] Deadchest of [sirsideways] was taken by [sirsideways] in world
[2021-05-06 21:39:22] New deadchest for [Arcurias] in world_the_end at X:35 Y:62 Z:19
[2021-05-06 21:39:48] Deadchest of [Arcurias] was taken by [Arcurias] in world_the_end
[2021-05-06 21:42:44] New deadchest for [sirsideways] in world_the_end at X:55 Y:59 Z:42
[2021-05-06 21:43:19] Deadchest of [sirsideways] was taken by [sirsideways] in world_the_end
[2021-05-06 21:46:15] New deadchest for [Arcurias] in world_the_end at X:-28 Y:60 Z:-5
[2021-05-06 21:46:32] New deadchest for [sirsideways] in world_the_end at X:30 Y:62 Z:28
[2021-05-06 21:46:49] Player [Arcurias] died without inventory : No Deadchest generated
[2021-05-06 21:46:59] Player [sirsideways] died without inventory : No Deadchest generated
[2021-05-06 21:47:28] Deadchest of [Arcurias] was taken by [Arcurias] in world_the_end
[2021-05-06 21:47:37] Deadchest of [sirsideways] was taken by [sirsideways] in world_the_end
[2021-05-06 21:48:19] New deadchest for [sirsideways] in world_the_end at X:62 Y:59 Z:-37
[2021-05-06 21:48:52] Player [sirsideways] died without inventory : No Deadchest generated
[2021-05-06 21:49:21] Deadchest of [sirsideways] was taken by [sirsideways] in world_the_end
[2021-05-06 21:49:57] New deadchest for [sirsideways] in world_the_end at X:12 Y:61 Z:-24
[2021-05-06 21:50:37] Deadchest of [sirsideways] was taken by [sirsideways] in world_the_end
[2021-05-06 21:52:23] New deadchest for [Arcurias] in world_the_end at X:-13 Y:62 Z:-7
[2021-05-06 21:52:56] Deadchest of [Arcurias] was taken by [Arcurias] in world_the_end
[2021-05-06 21:55:03] New deadchest for [Arcurias] in world_the_end at X:45 Y:61 Z:8
[2021-05-06 21:55:27] Deadchest of [Arcurias] was taken by [Arcurias] in world_the_end
[2021-05-06 21:58:27] New deadchest for [sirsideways] in world_the_end at X:-17 Y:62 Z:-7
[2021-05-06 21:59:18] Deadchest of [sirsideways] was taken by [sirsideways] in world_the_end
